Warning: you requested the nanomsg event logger, but bmv2 was compiled without -DBMELOG, and the event logger cannot be activated
Calling target program-options parser
[01:37:01.492] [bmv2] [D] [thread 11186] Set default default entry for table 'tbl_basic315': basic315 - 
[01:37:01.492] [bmv2] [D] [thread 11186] Set default default entry for table 'tbl_add_syn_cnt': MyIngress.add_syn_cnt - 
[01:37:01.492] [bmv2] [D] [thread 11186] Set default default entry for table 'tbl_basic325': basic325 - 
[01:37:01.492] [bmv2] [D] [thread 11186] Set default default entry for table 'tbl_basic333': basic333 - 
[01:37:01.492] [bmv2] [D] [thread 11186] Set default default entry for table 'tbl_basic339': basic339 - 
[01:37:01.492] [bmv2] [D] [thread 11186] Set default default entry for table 'tbl_add_syn_ack_cnt': MyIngress.add_syn_ack_cnt - 
[01:37:01.492] [bmv2] [D] [thread 11186] Set default default entry for table 'MyIngress.ip_forward': MyIngress.drop - 
Adding interface s2-eth1 as port 1
[01:37:01.494] [bmv2] [D] [thread 11186] Adding interface s2-eth1 as port 1
Adding interface s2-eth2 as port 2
[01:37:01.537] [bmv2] [D] [thread 11186] Adding interface s2-eth2 as port 2
Adding interface s2-eth3 as port 3
[01:37:01.596] [bmv2] [D] [thread 11186] Adding interface s2-eth3 as port 3
Adding interface s2-eth4 as port 4
[01:37:01.640] [bmv2] [D] [thread 11186] Adding interface s2-eth4 as port 4
Adding interface s2-eth5 as port 5
[01:37:01.728] [bmv2] [D] [thread 11186] Adding interface s2-eth5 as port 5
[01:37:01.788] [bmv2] [I] [thread 11186] Starting Thrift server on port 9091
[01:37:01.789] [bmv2] [I] [thread 11186] Thrift server was started
[01:37:01.794] [bmv2] [D] [thread 11193] [0.0] [cxt 0] Processing packet received on port 1
[01:37:01.794] [bmv2] [D] [thread 11193] [0.0] [cxt 0] Parser 'parser': start
[01:37:01.794] [bmv2] [D] [thread 11193] [0.0] [cxt 0] Parser 'parser' entering state 'start'
[01:37:01.796] [bmv2] [D] [thread 11193] [0.0] [cxt 0] Extracting header 'ethernet'
[01:37:01.796] [bmv2] [D] [thread 11193] [0.0] [cxt 0] Parser state 'start': key is 86dd
[01:37:01.796] [bmv2] [T] [thread 11193] [0.0] [cxt 0] Bytes parsed: 14
[01:37:01.796] [bmv2] [D] [thread 11193] [0.0] [cxt 0] Parser 'parser': end
[01:37:01.796] [bmv2] [D] [thread 11193] [0.0] [cxt 0] Pipeline 'ingress': start
[01:37:01.796] [bmv2] [T] [thread 11193] [0.0] [cxt 0] Applying table 'tbl_basic315'
[01:37:01.797] [bmv2] [D] [thread 11193] [0.0] [cxt 0] Looking up key:

[01:37:01.797] [bmv2] [D] [thread 11193] [0.0] [cxt 0] Table 'tbl_basic315': miss
[01:37:01.797] [bmv2] [D] [thread 11193] [0.0] [cxt 0] Action entry is basic315 - 
[01:37:01.797] [bmv2] [T] [thread 11193] [0.0] [cxt 0] Action basic315
[01:37:01.797] [bmv2] [T] [thread 11193] [0.0] [cxt 0] basic.p4(315) Primitive bit<1> set_drop=0;
[01:37:01.797] [bmv2] [T] [thread 11193] [0.0] [cxt 0] basic.p4(317) Condition "hdr.tcp.isValid()" (node_3) is false
[01:37:01.797] [bmv2] [T] [thread 11193] [0.0] [cxt 0] basic.p4(353) Condition "hdr.ipv4.isValid() && set_drop==0" (node_13) is false
[01:37:01.797] [bmv2] [D] [thread 11193] [0.0] [cxt 0] Pipeline 'ingress': end
[01:37:01.797] [bmv2] [D] [thread 11193] [0.0] [cxt 0] Egress port is 0
[01:37:01.800] [bmv2] [D] [thread 11193] [1.0] [cxt 0] Processing packet received on port 2
[01:37:01.800] [bmv2] [D] [thread 11193] [1.0] [cxt 0] Parser 'parser': start
[01:37:01.800] [bmv2] [D] [thread 11193] [1.0] [cxt 0] Parser 'parser' entering state 'start'
[01:37:01.800] [bmv2] [D] [thread 11193] [1.0] [cxt 0] Extracting header 'ethernet'
[01:37:01.800] [bmv2] [D] [thread 11193] [1.0] [cxt 0] Parser state 'start': key is 86dd
[01:37:01.800] [bmv2] [T] [thread 11193] [1.0] [cxt 0] Bytes parsed: 14
[01:37:01.800] [bmv2] [D] [thread 11193] [1.0] [cxt 0] Parser 'parser': end
[01:37:01.800] [bmv2] [D] [thread 11193] [1.0] [cxt 0] Pipeline 'ingress': start
[01:37:01.800] [bmv2] [T] [thread 11193] [1.0] [cxt 0] Applying table 'tbl_basic315'
[01:37:01.800] [bmv2] [D] [thread 11193] [1.0] [cxt 0] Looking up key:

[01:37:01.800] [bmv2] [D] [thread 11193] [1.0] [cxt 0] Table 'tbl_basic315': miss
[01:37:01.801] [bmv2] [D] [thread 11193] [1.0] [cxt 0] Action entry is basic315 - 
[01:37:01.801] [bmv2] [T] [thread 11193] [1.0] [cxt 0] Action basic315
[01:37:01.801] [bmv2] [T] [thread 11193] [1.0] [cxt 0] basic.p4(315) Primitive bit<1> set_drop=0;
[01:37:01.801] [bmv2] [T] [thread 11193] [1.0] [cxt 0] basic.p4(317) Condition "hdr.tcp.isValid()" (node_3) is false
[01:37:01.801] [bmv2] [T] [thread 11193] [1.0] [cxt 0] basic.p4(353) Condition "hdr.ipv4.isValid() && set_drop==0" (node_13) is false
[01:37:01.801] [bmv2] [D] [thread 11193] [1.0] [cxt 0] Pipeline 'ingress': end
[01:37:01.801] [bmv2] [D] [thread 11193] [1.0] [cxt 0] Egress port is 0
[01:37:01.801] [bmv2] [D] [thread 11194] [0.0] [cxt 0] Pipeline 'egress': start
[01:37:01.801] [bmv2] [D] [thread 11194] [0.0] [cxt 0] Pipeline 'egress': end
[01:37:01.801] [bmv2] [D] [thread 11194] [0.0] [cxt 0] Deparser 'deparser': start
[01:37:01.801] [bmv2] [T] [thread 11194] [0.0] [cxt 0] Skipping checksum 'cksum' update because condition not met
[01:37:01.801] [bmv2] [D] [thread 11194] [0.0] [cxt 0] Deparsing header 'ethernet'
[01:37:01.801] [bmv2] [D] [thread 11194] [0.0] [cxt 0] Deparser 'deparser': end
[01:37:01.801] [bmv2] [D] [thread 11194] [1.0] [cxt 0] Pipeline 'egress': start
[01:37:01.801] [bmv2] [D] [thread 11194] [1.0] [cxt 0] Pipeline 'egress': end
[01:37:01.801] [bmv2] [D] [thread 11194] [1.0] [cxt 0] Deparser 'deparser': start
[01:37:01.801] [bmv2] [T] [thread 11194] [1.0] [cxt 0] Skipping checksum 'cksum' update because condition not met
[01:37:01.801] [bmv2] [D] [thread 11194] [1.0] [cxt 0] Deparsing header 'ethernet'
[01:37:01.801] [bmv2] [D] [thread 11194] [1.0] [cxt 0] Deparser 'deparser': end
[01:37:01.801] [bmv2] [D] [thread 11198] [0.0] [cxt 0] Transmitting packet of size 90 out of port 0
[01:37:01.801] [bmv2] [D] [thread 11198] [1.0] [cxt 0] Transmitting packet of size 90 out of port 0
[01:37:01.805] [bmv2] [D] [thread 11193] [2.0] [cxt 0] Processing packet received on port 5
[01:37:01.805] [bmv2] [D] [thread 11193] [2.0] [cxt 0] Parser 'parser': start
[01:37:01.805] [bmv2] [D] [thread 11193] [2.0] [cxt 0] Parser 'parser' entering state 'start'
[01:37:01.805] [bmv2] [D] [thread 11193] [2.0] [cxt 0] Extracting header 'ethernet'
[01:37:01.806] [bmv2] [D] [thread 11193] [2.0] [cxt 0] Parser state 'start': key is 86dd
[01:37:01.806] [bmv2] [T] [thread 11193] [2.0] [cxt 0] Bytes parsed: 14
[01:37:01.806] [bmv2] [D] [thread 11193] [2.0] [cxt 0] Parser 'parser': end
[01:37:01.806] [bmv2] [D] [thread 11193] [2.0] [cxt 0] Pipeline 'ingress': start
[01:37:01.806] [bmv2] [T] [thread 11193] [2.0] [cxt 0] Applying table 'tbl_basic315'
[01:37:01.806] [bmv2] [D] [thread 11193] [2.0] [cxt 0] Looking up key:

[01:37:01.806] [bmv2] [D] [thread 11193] [2.0] [cxt 0] Table 'tbl_basic315': miss
[01:37:01.806] [bmv2] [D] [thread 11193] [2.0] [cxt 0] Action entry is basic315 - 
[01:37:01.806] [bmv2] [T] [thread 11193] [2.0] [cxt 0] Action basic315
[01:37:01.806] [bmv2] [T] [thread 11193] [2.0] [cxt 0] basic.p4(315) Primitive bit<1> set_drop=0;
[01:37:01.806] [bmv2] [T] [thread 11193] [2.0] [cxt 0] basic.p4(317) Condition "hdr.tcp.isValid()" (node_3) is false
[01:37:01.806] [bmv2] [T] [thread 11193] [2.0] [cxt 0] basic.p4(353) Condition "hdr.ipv4.isValid() && set_drop==0" (node_13) is false
[01:37:01.806] [bmv2] [D] [thread 11193] [2.0] [cxt 0] Pipeline 'ingress': end
[01:37:01.806] [bmv2] [D] [thread 11193] [2.0] [cxt 0] Egress port is 0
[01:37:01.806] [bmv2] [D] [thread 11193] [3.0] [cxt 0] Processing packet received on port 5
[01:37:01.806] [bmv2] [D] [thread 11193] [3.0] [cxt 0] Parser 'parser': start
[01:37:01.806] [bmv2] [D] [thread 11193] [3.0] [cxt 0] Parser 'parser' entering state 'start'
[01:37:01.806] [bmv2] [D] [thread 11193] [3.0] [cxt 0] Extracting header 'ethernet'
[01:37:01.806] [bmv2] [D] [thread 11193] [3.0] [cxt 0] Parser state 'start': key is 86dd
[01:37:01.806] [bmv2] [T] [thread 11193] [3.0] [cxt 0] Bytes parsed: 14
[01:37:01.806] [bmv2] [D] [thread 11193] [3.0] [cxt 0] Parser 'parser': end
[01:37:01.806] [bmv2] [D] [thread 11193] [3.0] [cxt 0] Pipeline 'ingress': start
[01:37:01.806] [bmv2] [T] [thread 11193] [3.0] [cxt 0] Applying table 'tbl_basic315'
[01:37:01.806] [bmv2] [D] [thread 11193] [3.0] [cxt 0] Looking up key:

[01:37:01.806] [bmv2] [D] [thread 11193] [3.0] [cxt 0] Table 'tbl_basic315': miss
[01:37:01.806] [bmv2] [D] [thread 11193] [3.0] [cxt 0] Action entry is basic315 - 
[01:37:01.806] [bmv2] [T] [thread 11193] [3.0] [cxt 0] Action basic315
[01:37:01.806] [bmv2] [T] [thread 11193] [3.0] [cxt 0] basic.p4(315) Primitive bit<1> set_drop=0;
[01:37:01.806] [bmv2] [T] [thread 11193] [3.0] [cxt 0] basic.p4(317) Condition "hdr.tcp.isValid()" (node_3) is false
[01:37:01.806] [bmv2] [T] [thread 11193] [3.0] [cxt 0] basic.p4(353) Condition "hdr.ipv4.isValid() && set_drop==0" (node_13) is false
[01:37:01.806] [bmv2] [D] [thread 11193] [3.0] [cxt 0] Pipeline 'ingress': end
[01:37:01.806] [bmv2] [D] [thread 11193] [3.0] [cxt 0] Egress port is 0
[01:37:01.806] [bmv2] [D] [thread 11194] [2.0] [cxt 0] Pipeline 'egress': start
[01:37:01.806] [bmv2] [D] [thread 11194] [2.0] [cxt 0] Pipeline 'egress': end
[01:37:01.806] [bmv2] [D] [thread 11194] [2.0] [cxt 0] Deparser 'deparser': start
[01:37:01.806] [bmv2] [T] [thread 11194] [2.0] [cxt 0] Skipping checksum 'cksum' update because condition not met
[01:37:01.806] [bmv2] [D] [thread 11194] [2.0] [cxt 0] Deparsing header 'ethernet'
[01:37:01.806] [bmv2] [D] [thread 11194] [2.0] [cxt 0] Deparser 'deparser': end
[01:37:01.806] [bmv2] [D] [thread 11194] [3.0] [cxt 0] Pipeline 'egress': start
[01:37:01.806] [bmv2] [D] [thread 11194] [3.0] [cxt 0] Pipeline 'egress': end
[01:37:01.806] [bmv2] [D] [thread 11194] [3.0] [cxt 0] Deparser 'deparser': start
[01:37:01.806] [bmv2] [T] [thread 11194] [3.0] [cxt 0] Skipping checksum 'cksum' update because condition not met
[01:37:01.806] [bmv2] [D] [thread 11194] [3.0] [cxt 0] Deparsing header 'ethernet'
[01:37:01.806] [bmv2] [D] [thread 11194] [3.0] [cxt 0] Deparser 'deparser': end
[01:37:01.806] [bmv2] [D] [thread 11198] [2.0] [cxt 0] Transmitting packet of size 90 out of port 0
[01:37:01.806] [bmv2] [D] [thread 11198] [3.0] [cxt 0] Transmitting packet of size 70 out of port 0
[01:37:02.177] [bmv2] [D] [thread 11193] [4.0] [cxt 0] Processing packet received on port 5
[01:37:02.177] [bmv2] [D] [thread 11193] [4.0] [cxt 0] Parser 'parser': start
[01:37:02.177] [bmv2] [D] [thread 11193] [4.0] [cxt 0] Parser 'parser' entering state 'start'
[01:37:02.177] [bmv2] [D] [thread 11193] [4.0] [cxt 0] Extracting header 'ethernet'
[01:37:02.177] [bmv2] [D] [thread 11193] [4.0] [cxt 0] Parser state 'start': key is 86dd
[01:37:02.177] [bmv2] [T] [thread 11193] [4.0] [cxt 0] Bytes parsed: 14
[01:37:02.177] [bmv2] [D] [thread 11193] [4.0] [cxt 0] Parser 'parser': end
[01:37:02.177] [bmv2] [D] [thread 11193] [4.0] [cxt 0] Pipeline 'ingress': start
[01:37:02.177] [bmv2] [T] [thread 11193] [4.0] [cxt 0] Applying table 'tbl_basic315'
[01:37:02.177] [bmv2] [D] [thread 11193] [4.0] [cxt 0] Looking up key:

[01:37:02.177] [bmv2] [D] [thread 11193] [4.0] [cxt 0] Table 'tbl_basic315': miss
[01:37:02.177] [bmv2] [D] [thread 11193] [4.0] [cxt 0] Action entry is basic315 - 
[01:37:02.177] [bmv2] [T] [thread 11193] [4.0] [cxt 0] Action basic315
[01:37:02.177] [bmv2] [T] [thread 11193] [4.0] [cxt 0] basic.p4(315) Primitive bit<1> set_drop=0;
[01:37:02.177] [bmv2] [T] [thread 11193] [4.0] [cxt 0] basic.p4(317) Condition "hdr.tcp.isValid()" (node_3) is false
[01:37:02.177] [bmv2] [T] [thread 11193] [4.0] [cxt 0] basic.p4(353) Condition "hdr.ipv4.isValid() && set_drop==0" (node_13) is false
[01:37:02.177] [bmv2] [D] [thread 11193] [4.0] [cxt 0] Pipeline 'ingress': end
[01:37:02.177] [bmv2] [D] [thread 11193] [4.0] [cxt 0] Egress port is 0
[01:37:02.177] [bmv2] [D] [thread 11194] [4.0] [cxt 0] Pipeline 'egress': start
[01:37:02.177] [bmv2] [D] [thread 11194] [4.0] [cxt 0] Pipeline 'egress': end
[01:37:02.177] [bmv2] [D] [thread 11194] [4.0] [cxt 0] Deparser 'deparser': start
[01:37:02.177] [bmv2] [T] [thread 11194] [4.0] [cxt 0] Skipping checksum 'cksum' update because condition not met
[01:37:02.178] [bmv2] [D] [thread 11194] [4.0] [cxt 0] Deparsing header 'ethernet'
[01:37:02.178] [bmv2] [D] [thread 11194] [4.0] [cxt 0] Deparser 'deparser': end
[01:37:02.178] [bmv2] [D] [thread 11198] [4.0] [cxt 0] Transmitting packet of size 90 out of port 0
[01:37:02.312] [bmv2] [D] [thread 11193] [5.0] [cxt 0] Processing packet received on port 5
[01:37:02.312] [bmv2] [D] [thread 11193] [5.0] [cxt 0] Parser 'parser': start
[01:37:02.312] [bmv2] [D] [thread 11193] [5.0] [cxt 0] Parser 'parser' entering state 'start'
[01:37:02.312] [bmv2] [D] [thread 11193] [5.0] [cxt 0] Extracting header 'ethernet'
[01:37:02.312] [bmv2] [D] [thread 11193] [5.0] [cxt 0] Parser state 'start': key is 86dd
[01:37:02.312] [bmv2] [T] [thread 11193] [5.0] [cxt 0] Bytes parsed: 14
[01:37:02.312] [bmv2] [D] [thread 11193] [5.0] [cxt 0] Parser 'parser': end
[01:37:02.312] [bmv2] [D] [thread 11193] [5.0] [cxt 0] Pipeline 'ingress': start
[01:37:02.312] [bmv2] [T] [thread 11193] [5.0] [cxt 0] Applying table 'tbl_basic315'
[01:37:02.312] [bmv2] [D] [thread 11193] [5.0] [cxt 0] Looking up key:

[01:37:02.312] [bmv2] [D] [thread 11193] [5.0] [cxt 0] Table 'tbl_basic315': miss
[01:37:02.312] [bmv2] [D] [thread 11193] [5.0] [cxt 0] Action entry is basic315 - 
[01:37:02.312] [bmv2] [T] [thread 11193] [5.0] [cxt 0] Action basic315
[01:37:02.312] [bmv2] [T] [thread 11193] [5.0] [cxt 0] basic.p4(315) Primitive bit<1> set_drop=0;
[01:37:02.312] [bmv2] [T] [thread 11193] [5.0] [cxt 0] basic.p4(317) Condition "hdr.tcp.isValid()" (node_3) is false
[01:37:02.312] [bmv2] [T] [thread 11193] [5.0] [cxt 0] basic.p4(353) Condition "hdr.ipv4.isValid() && set_drop==0" (node_13) is false
[01:37:02.312] [bmv2] [D] [thread 11193] [5.0] [cxt 0] Pipeline 'ingress': end
[01:37:02.312] [bmv2] [D] [thread 11193] [5.0] [cxt 0] Egress port is 0
[01:37:02.312] [bmv2] [D] [thread 11194] [5.0] [cxt 0] Pipeline 'egress': start
[01:37:02.312] [bmv2] [D] [thread 11194] [5.0] [cxt 0] Pipeline 'egress': end
[01:37:02.312] [bmv2] [D] [thread 11194] [5.0] [cxt 0] Deparser 'deparser': start
[01:37:02.312] [bmv2] [T] [thread 11194] [5.0] [cxt 0] Skipping checksum 'cksum' update because condition not met
[01:37:02.312] [bmv2] [D] [thread 11194] [5.0] [cxt 0] Deparsing header 'ethernet'
[01:37:02.312] [bmv2] [D] [thread 11194] [5.0] [cxt 0] Deparser 'deparser': end
[01:37:02.312] [bmv2] [D] [thread 11198] [5.0] [cxt 0] Transmitting packet of size 90 out of port 0
[01:37:06.778] [bmv2] [T] [thread 11315] bm_get_config
[01:37:06.798] [bmv2] [T] [thread 11315] bm_table_add_entry
[01:37:06.798] [bmv2] [D] [thread 11315] Entry 0 added to table 'MyIngress.ip_forward'
[01:37:06.800] [bmv2] [D] [thread 11315] Dumping entry 0
Match key:
* hdr.ipv4.dstAddr    : LPM       0a010501/32
Action entry: MyIngress.forward - a010501,2,

[01:37:06.801] [bmv2] [T] [thread 11315] bm_table_add_entry
[01:37:06.801] [bmv2] [D] [thread 11315] Entry 1 added to table 'MyIngress.ip_forward'
[01:37:06.801] [bmv2] [D] [thread 11315] Dumping entry 1
Match key:
* hdr.ipv4.dstAddr    : LPM       0a010601/32
Action entry: MyIngress.forward - a010601,3,

[01:37:06.802] [bmv2] [T] [thread 11315] bm_table_add_entry
[01:37:06.802] [bmv2] [D] [thread 11315] Entry 2 added to table 'MyIngress.ip_forward'
[01:37:06.802] [bmv2] [D] [thread 11315] Dumping entry 2
Match key:
* hdr.ipv4.dstAddr    : LPM       0a000101/16
Action entry: MyIngress.forward - a000101,4,

[01:37:06.803] [bmv2] [T] [thread 11315] bm_table_add_entry
[01:37:06.803] [bmv2] [E] [thread 11315] Error when trying to add entry to table 'MyIngress.ip_forward'
[01:37:06.804] [bmv2] [T] [thread 11315] bm_table_add_entry
[01:37:06.804] [bmv2] [E] [thread 11315] Error when trying to add entry to table 'MyIngress.ip_forward'
[01:37:06.805] [bmv2] [T] [thread 11315] bm_table_add_entry
[01:37:06.805] [bmv2] [D] [thread 11315] Entry 3 added to table 'MyIngress.ip_forward'
[01:37:06.805] [bmv2] [D] [thread 11315] Dumping entry 3
Match key:
* hdr.ipv4.dstAddr    : LPM       0a010401/32
Action entry: MyIngress.forward - a010401,1,

[01:37:06.806] [bmv2] [T] [thread 11315] bm_table_add_entry
[01:37:06.806] [bmv2] [D] [thread 11315] Entry 4 added to table 'MyIngress.ip_forward'
[01:37:06.806] [bmv2] [D] [thread 11315] Dumping entry 4
Match key:
* hdr.ipv4.dstAddr    : LPM       0a020701/16
Action entry: MyIngress.forward - a020701,4,

[01:37:06.808] [bmv2] [T] [thread 11315] bm_table_add_entry
[01:37:06.808] [bmv2] [E] [thread 11315] Error when trying to add entry to table 'MyIngress.ip_forward'
[01:37:06.809] [bmv2] [T] [thread 11315] bm_table_add_entry
[01:37:06.809] [bmv2] [D] [thread 11315] Entry 5 added to table 'MyIngress.ip_forward'
[01:37:06.809] [bmv2] [D] [thread 11315] Dumping entry 5
Match key:
* hdr.ipv4.dstAddr    : LPM       0a030901/16
Action entry: MyIngress.forward - a030901,5,

open: No such file or directory
open: No such file or directory
open: No such file or directory
open: No such file or directory
open: No such file or directory
open: No such file or directory
open: No such file or directory
open: No such file or directory
open: No such file or directory
open: No such file or directory
open: No such file or directory
open: No such file or directory
open: No such file or directory
open: No such file or directory
open: No such file or directory
open: No such file or directory
open: No such file or directory
open: No such file or directory
open: No such file or directory
open: No such file or directory
